[debug] [2020-07-11T07:40:21.570Z] ----------------------------------------------------------------------
[debug] [2020-07-11T07:40:21.592Z] Command:       C:\Program Files\nodejs\node.exe C:\Users\CSC\AppData\Roaming\npm\node_modules\firebase-tools\lib\bin\firebase.js deploy
[debug] [2020-07-11T07:40:21.593Z] CLI Version:   8.1.0
[debug] [2020-07-11T07:40:21.594Z] Platform:      win32
[debug] [2020-07-11T07:40:21.594Z] Node Version:  v13.9.0
[debug] [2020-07-11T07:40:21.755Z] Time:          Sat Jul 11 2020 12:40:21 GMT+0500 (Pakistan Standard Time)
[debug] [2020-07-11T07:40:21.756Z] ----------------------------------------------------------------------
[debug] [2020-07-11T07:40:21.756Z] 
[debug] [2020-07-11T07:40:21.848Z] > command requires scopes: ["email","openid","https://www.googleapis.com/auth/cloudplatformprojects.readonly","https://www.googleapis.com/auth/firebase","https://www.googleapis.com/auth/cloud-platform"]
[debug] [2020-07-11T07:40:21.850Z] > authorizing via signed-in user
[debug] [2020-07-11T07:40:21.851Z] [iam] checking project stopwatch-e3cad for permissions ["firebase.projects.get","firebasehosting.sites.update"]
[debug] [2020-07-11T07:40:21.885Z] > refreshing access token with scopes: ["email","https://www.googleapis.com/auth/cloud-platform","https://www.googleapis.com/auth/cloudplatformprojects.readonly","https://www.googleapis.com/auth/firebase","openid"]
[debug] [2020-07-11T07:40:21.887Z] >>> HTTP REQUEST POST https://www.googleapis.com/oauth2/v3/token  
 <request body omitted>
[debug] [2020-07-11T07:40:43.343Z] [iam] error while checking permissions, command may fail: FirebaseError: Authentication Error: Your credentials are no longer valid. Please run firebase login --reauth

For CI servers and headless environments, generate a new token with firebase login:ci
[debug] [2020-07-11T07:40:43.348Z] > refreshing access token with scopes: ["email","https://www.googleapis.com/auth/cloud-platform","https://www.googleapis.com/auth/cloudplatformprojects.readonly","https://www.googleapis.com/auth/firebase","openid"]
[debug] [2020-07-11T07:40:43.349Z] >>> HTTP REQUEST POST https://www.googleapis.com/oauth2/v3/token  
 <request body omitted>
[debug] [2020-07-11T07:41:04.391Z] Authentication Error: Your credentials are no longer valid. Please run firebase login --reauth

For CI servers and headless environments, generate a new token with firebase login:ci
[debug] [2020-07-11T07:41:25.565Z] FirebaseError: Authentication Error: Your credentials are no longer valid. Please run firebase login --reauth

For CI servers and headless environments, generate a new token with firebase login:ci
    at Object.<anonymous> (C:\Users\CSC\AppData\Roaming\npm\node_modules\firebase-tools\lib\auth.js:23:32)
    at Module._compile (internal/modules/cjs/loader.js:1151:30)
    at Object.Module._extensions..js (internal/modules/cjs/loader.js:1171:10)
    at Module.load (internal/modules/cjs/loader.js:1000:32)
    at Function.Module._load (internal/modules/cjs/loader.js:899:14)
    at Module.require (internal/modules/cjs/loader.js:1040:19)
    at require (internal/modules/cjs/helpers.js:72:18)
    at Object.<anonymous> (C:\Users\CSC\AppData\Roaming\npm\node_modules\firebase-tools\lib\commands\login.js:8:12)
    at Module._compile (internal/modules/cjs/loader.js:1151:30)
    at Object.Module._extensions..js (internal/modules/cjs/loader.js:1171:10)
    at Module.load (internal/modules/cjs/loader.js:1000:32)
    at Function.Module._load (internal/modules/cjs/loader.js:899:14)
    at Module.require (internal/modules/cjs/loader.js:1040:19)
    at require (internal/modules/cjs/helpers.js:72:18)
    at loadCommand (C:\Users\CSC\AppData\Roaming\npm\node_modules\firebase-tools\lib\commands\index.js:5:19)
    at module.exports (C:\Users\CSC\AppData\Roaming\npm\node_modules\firebase-tools\lib\commands\index.js:84:20)
[error] 
[error] Error: Failed to get Firebase project stopwatch-e3cad. Please make sure the project exists and your account has permission to access it.
